running develop
running egg_info
creating week_3.egg-info
writing week_3.egg-info/PKG-INFO
writing dependency_links to week_3.egg-info/dependency_links.txt
writing entry points to week_3.egg-info/entry_points.txt
writing requirements to week_3.egg-info/requires.txt
writing top-level names to week_3.egg-info/top_level.txt
writing manifest file 'week_3.egg-info/SOURCES.txt'
reading manifest file 'week_3.egg-info/SOURCES.txt'
writing manifest file 'week_3.egg-info/SOURCES.txt'
running build_ext
Creating /home/nemo/Desktop/ros/week3_ws/install/week_3/lib/python3.10/site-packages/week-3.egg-link (link to .)
Installing turtlebot3_fsm script to /home/nemo/Desktop/ros/week3_ws/install/week_3/lib/week_3

Installed /home/nemo/Desktop/ros/week3_ws/build/week_3
running install_data
creating /home/nemo/Desktop/ros/week3_ws/install/week_3/share/ament_index
creating /home/nemo/Desktop/ros/week3_ws/install/week_3/share/ament_index/resource_index
creating /home/nemo/Desktop/ros/week3_ws/install/week_3/share/ament_index/resource_index/packages
copying resource/week_3 -> /home/nemo/Desktop/ros/week3_ws/install/week_3/share/ament_index/resource_index/packages
copying package.xml -> /home/nemo/Desktop/ros/week3_ws/install/week_3/share/week_3
