[1.097s] Invoking command in '/home/nemo/Desktop/ros/week3_ws/build/week_3': PYTHONPATH=/home/nemo/Desktop/ros/week3_ws/build/week_3/prefix_override:/home/nemo/Desktop/ros/week3_ws/install/week_3/lib/python3.10/site-packages:${PYTHONPATH} /usr/bin/python3 setup.py develop --editable --build-directory /home/nemo/Desktop/ros/week3_ws/build/week_3/build --no-deps install_data
[1.365s] running develop
[1.381s] /usr/lib/python3/dist-packages/setuptools/command/easy_install.py:158: EasyInstallDeprecationWarning: easy_install command is deprecated. Use build and pip and other standards-based tools.
[1.381s]   warnings.warn(
[1.396s] /usr/lib/python3/dist-packages/setuptools/command/install.py:34: SetuptoolsDeprecationWarning: setup.py install is deprecated. Use build and pip and other standards-based tools.
[1.396s]   warnings.warn(
[1.588s] running egg_info
[1.589s] creating week_3.egg-info
[1.589s] writing week_3.egg-info/PKG-INFO
[1.589s] writing dependency_links to week_3.egg-info/dependency_links.txt
[1.589s] writing entry points to week_3.egg-info/entry_points.txt
[1.589s] writing requirements to week_3.egg-info/requires.txt
[1.590s] writing top-level names to week_3.egg-info/top_level.txt
[1.590s] writing manifest file 'week_3.egg-info/SOURCES.txt'
[1.592s] reading manifest file 'week_3.egg-info/SOURCES.txt'
[1.592s] writing manifest file 'week_3.egg-info/SOURCES.txt'
[1.594s] running build_ext
[1.594s] Creating /home/nemo/Desktop/ros/week3_ws/install/week_3/lib/python3.10/site-packages/week-3.egg-link (link to .)
[1.595s] Installing turtlebot3_fsm script to /home/nemo/Desktop/ros/week3_ws/install/week_3/lib/week_3
[1.595s] 
[1.595s] Installed /home/nemo/Desktop/ros/week3_ws/build/week_3
[1.595s] running install_data
[1.596s] creating /home/nemo/Desktop/ros/week3_ws/install/week_3/share/ament_index
[1.596s] creating /home/nemo/Desktop/ros/week3_ws/install/week_3/share/ament_index/resource_index
[1.596s] creating /home/nemo/Desktop/ros/week3_ws/install/week_3/share/ament_index/resource_index/packages
[1.596s] copying resource/week_3 -> /home/nemo/Desktop/ros/week3_ws/install/week_3/share/ament_index/resource_index/packages
[1.596s] copying package.xml -> /home/nemo/Desktop/ros/week3_ws/install/week_3/share/week_3
[1.627s] Invoked command in '/home/nemo/Desktop/ros/week3_ws/build/week_3' returned '0': PYTHONPATH=/home/nemo/Desktop/ros/week3_ws/build/week_3/prefix_override:/home/nemo/Desktop/ros/week3_ws/install/week_3/lib/python3.10/site-packages:${PYTHONPATH} /usr/bin/python3 setup.py develop --editable --build-directory /home/nemo/Desktop/ros/week3_ws/build/week_3/build --no-deps install_data
