[0.793s] Invoking command in '/home/nemo/Desktop/ros/week3_ws/build/week_3': PYTHONPATH=/home/nemo/Desktop/ros/week3_ws/build/week_3/prefix_override:/home/nemo/Desktop/ros/week3_ws/install/week_3/lib/python3.10/site-packages:${PYTHONPATH} /usr/bin/python3 setup.py develop --editable --build-directory /home/nemo/Desktop/ros/week3_ws/build/week_3/build --no-deps install_data
[1.066s] running develop
[1.066s] /usr/lib/python3/dist-packages/setuptools/command/easy_install.py:158: EasyInstallDeprecationWarning: easy_install command is deprecated. Use build and pip and other standards-based tools.
[1.066s]   warnings.warn(
[1.068s] /usr/lib/python3/dist-packages/setuptools/command/install.py:34: SetuptoolsDeprecationWarning: setup.py install is deprecated. Use build and pip and other standards-based tools.
[1.068s]   warnings.warn(
[1.250s] running egg_info
[1.250s] writing week_3.egg-info/PKG-INFO
[1.251s] writing dependency_links to week_3.egg-info/dependency_links.txt
[1.251s] writing entry points to week_3.egg-info/entry_points.txt
[1.251s] writing requirements to week_3.egg-info/requires.txt
[1.252s] writing top-level names to week_3.egg-info/top_level.txt
[1.254s] reading manifest file 'week_3.egg-info/SOURCES.txt'
[1.254s] writing manifest file 'week_3.egg-info/SOURCES.txt'
[1.255s] running build_ext
[1.256s] Creating /home/nemo/Desktop/ros/week3_ws/install/week_3/lib/python3.10/site-packages/week-3.egg-link (link to .)
[1.257s] Installing turtlebot3_fsm script to /home/nemo/Desktop/ros/week3_ws/install/week_3/lib/week_3
[1.257s] 
[1.257s] Installed /home/nemo/Desktop/ros/week3_ws/build/week_3
[1.257s] running install_data
[1.288s] Invoked command in '/home/nemo/Desktop/ros/week3_ws/build/week_3' returned '0': PYTHONPATH=/home/nemo/Desktop/ros/week3_ws/build/week_3/prefix_override:/home/nemo/Desktop/ros/week3_ws/install/week_3/lib/python3.10/site-packages:${PYTHONPATH} /usr/bin/python3 setup.py develop --editable --build-directory /home/nemo/Desktop/ros/week3_ws/build/week_3/build --no-deps install_data
