[1.028s] Invoking command in '/home/nemo/Desktop/ros/week3_ws/src/build/week_3': PYTHONPATH=/home/nemo/Desktop/ros/week3_ws/src/build/week_3/prefix_override:/home/nemo/Desktop/ros/week3_ws/src/install/week_3/lib/python3.10/site-packages:${PYTHONPATH} /usr/bin/python3 setup.py develop --editable --build-directory /home/nemo/Desktop/ros/week3_ws/src/build/week_3/build --no-deps install_data
[1.358s] running develop
[1.358s] /usr/lib/python3/dist-packages/setuptools/command/easy_install.py:158: EasyInstallDeprecationWarning: easy_install command is deprecated. Use build and pip and other standards-based tools.
[1.359s]   warnings.warn(
[1.360s] /usr/lib/python3/dist-packages/setuptools/command/install.py:34: SetuptoolsDeprecationWarning: setup.py install is deprecated. Use build and pip and other standards-based tools.
[1.360s]   warnings.warn(
[1.608s] running egg_info
[1.608s] creating week_3.egg-info
[1.609s] writing week_3.egg-info/PKG-INFO
[1.609s] writing dependency_links to week_3.egg-info/dependency_links.txt
[1.609s] writing entry points to week_3.egg-info/entry_points.txt
[1.609s] writing requirements to week_3.egg-info/requires.txt
[1.610s] writing top-level names to week_3.egg-info/top_level.txt
[1.610s] writing manifest file 'week_3.egg-info/SOURCES.txt'
[1.611s] reading manifest file 'week_3.egg-info/SOURCES.txt'
[1.612s] writing manifest file 'week_3.egg-info/SOURCES.txt'
[1.613s] running build_ext
[1.614s] Creating /home/nemo/Desktop/ros/week3_ws/src/install/week_3/lib/python3.10/site-packages/week-3.egg-link (link to .)
[1.614s] Installing turtlebot3_fsm script to /home/nemo/Desktop/ros/week3_ws/src/install/week_3/lib/week_3
[1.615s] 
[1.615s] Installed /home/nemo/Desktop/ros/week3_ws/src/build/week_3
[1.615s] running install_data
[1.615s] creating /home/nemo/Desktop/ros/week3_ws/src/install/week_3/share/ament_index
[1.615s] creating /home/nemo/Desktop/ros/week3_ws/src/install/week_3/share/ament_index/resource_index
[1.615s] creating /home/nemo/Desktop/ros/week3_ws/src/install/week_3/share/ament_index/resource_index/packages
[1.615s] copying resource/week_3 -> /home/nemo/Desktop/ros/week3_ws/src/install/week_3/share/ament_index/resource_index/packages
[1.616s] copying package.xml -> /home/nemo/Desktop/ros/week3_ws/src/install/week_3/share/week_3
[1.670s] Invoked command in '/home/nemo/Desktop/ros/week3_ws/src/build/week_3' returned '0': PYTHONPATH=/home/nemo/Desktop/ros/week3_ws/src/build/week_3/prefix_override:/home/nemo/Desktop/ros/week3_ws/src/install/week_3/lib/python3.10/site-packages:${PYTHONPATH} /usr/bin/python3 setup.py develop --editable --build-directory /home/nemo/Desktop/ros/week3_ws/src/build/week_3/build --no-deps install_data
